2021-09-29 13:24:04.212 [Info] Connecting to 99.99.68.166:25565...

--------------------------------------------------------------------------------
2021-09-29 13:24:04.483 [Info] Connection approved [00000000-0000-0000-0000-000000000000].

--------------------------------------------------------------------------------
2021-09-29 13:24:04.495 [Debug] approval Time=912657 Offset=63768517731810 Real=63768518644467

--------------------------------------------------------------------------------
2021-09-29 13:24:04.496 [Debug] local Time=912657 Offset=63768517731838 Real=63768518644496

--------------------------------------------------------------------------------
2021-09-29 13:24:04.496 [Debug] real delta=28

--------------------------------------------------------------------------------
2021-09-29 13:24:04.496 [Debug] this.Statistics.Ping=0 NCPing=3

--------------------------------------------------------------------------------
2021-09-29 13:24:04.498 [Debug] Connection established to remote [00000000-0000-0000-0000-000000000000/99.99.68.166:25565].

--------------------------------------------------------------------------------
2021-09-29 13:24:04.498 [Info] Connected [00000000-0000-0000-0000-000000000000].

--------------------------------------------------------------------------------
2021-09-29 13:24:07.348 [Debug] StatusChanged: [NetIncomingMessage #2 10 bytes] [Disconnecting]

--------------------------------------------------------------------------------
2021-09-29 13:24:07.349 [Debug] StatusChanged: [NetIncomingMessage #0 10 bytes] [Disconnected]

--------------------------------------------------------------------------------
2021-09-29 13:24:07.349 [Debug] Connectioned terminated to remote [00000000-0000-0000-0000-000000000000/99.99.68.166:25565].

--------------------------------------------------------------------------------
2021-09-29 13:24:07.349 [Info] Disconnected [00000000-0000-0000-0000-000000000000].

--------------------------------------------------------------------------------
