2021-09-29 13:35:16.492 [Info] Connecting to 99.99.68.166:25565...

--------------------------------------------------------------------------------
2021-09-29 13:35:16.778 [Info] Connection approved [00000000-0000-0000-0000-000000000000].

--------------------------------------------------------------------------------
2021-09-29 13:35:16.792 [Debug] approval Time=1584944 Offset=63768517731810 Real=63768519316755

--------------------------------------------------------------------------------
2021-09-29 13:35:16.793 [Debug] local Time=1584945 Offset=63768517731847 Real=63768519316793

--------------------------------------------------------------------------------
2021-09-29 13:35:16.793 [Debug] real delta=37

--------------------------------------------------------------------------------
2021-09-29 13:35:16.793 [Debug] this.Statistics.Ping=0 NCPing=3

--------------------------------------------------------------------------------
2021-09-29 13:35:16.796 [Debug] Connection established to remote [00000000-0000-0000-0000-000000000000/99.99.68.166:25565].

--------------------------------------------------------------------------------
2021-09-29 13:35:16.796 [Info] Connected [00000000-0000-0000-0000-000000000000].

--------------------------------------------------------------------------------
2021-09-29 13:35:19.490 [Debug] StatusChanged: [NetIncomingMessage #2 10 bytes] [Disconnecting]

--------------------------------------------------------------------------------
2021-09-29 13:35:19.493 [Debug] StatusChanged: [NetIncomingMessage #0 10 bytes] [Disconnected]

--------------------------------------------------------------------------------
